<?xml version="1.0" encoding="UTF-8"?>
<testsuite xmlns:xsi="http://www.w3.org/2001/XMLSchema-instance" xsi:noNamespaceSchemaLocation="https://maven.apache.org/surefire/maven-surefire-plugin/xsd/surefire-test-report-3.0.xsd" version="3.0" name="com.altius.automation.TestAutomation" time="8.155" tests="1" errors="0" skipped="0" failures="0">
  <properties>
    <property name="sun.desktop" value="windows"/>
    <property name="awt.toolkit" value="sun.awt.windows.WToolkit"/>
    <property name="file.encoding.pkg" value="sun.io"/>
    <property name="java.specification.version" value="1.8"/>
    <property name="sun.cpu.isalist" value="amd64"/>
    <property name="sun.jnu.encoding" value="Cp1252"/>
    <property name="java.class.path" value="D:\TouchOfCode\Clients\altius\git\AltiusAutomationTemplate\target\test-classes;D:\TouchOfCode\Clients\altius\git\AltiusAutomationTemplate\target\classes;C:\Users\RAJIV\.m2\repository\org\seleniumhq\selenium\selenium-chrome-driver\2.5.0\selenium-chrome-driver-2.5.0.jar;C:\Users\RAJIV\.m2\repository\org\seleniumhq\selenium\selenium-remote-driver\2.5.0\selenium-remote-driver-2.5.0.jar;C:\Users\RAJIV\.m2\repository\cglib\cglib-nodep\2.1_3\cglib-nodep-2.1_3.jar;C:\Users\RAJIV\.m2\repository\org\json\json\20080701\json-20080701.jar;C:\Users\RAJIV\.m2\repository\org\seleniumhq\selenium\selenium-api\2.5.0\selenium-api-2.5.0.jar;C:\Users\RAJIV\.m2\repository\com\google\guava\guava\r09\guava-r09.jar;C:\Users\RAJIV\.m2\repository\org\apache\httpcomponents\httpclient\4.1.2\httpclient-4.1.2.jar;C:\Users\RAJIV\.m2\repository\org\apache\httpcomponents\httpcore\4.1.2\httpcore-4.1.2.jar;C:\Users\RAJIV\.m2\repository\commons-logging\commons-logging\1.1.1\commons-logging-1.1.1.jar;C:\Users\RAJIV\.m2\repository\commons-codec\commons-codec\1.4\commons-codec-1.4.jar;C:\Users\RAJIV\.m2\repository\org\testng\testng\6.14.3\testng-6.14.3.jar;C:\Users\RAJIV\.m2\repository\com\beust\jcommander\1.72\jcommander-1.72.jar;C:\Users\RAJIV\.m2\repository\org\apache-extras\beanshell\bsh\2.0b6\bsh-2.0b6.jar;path/to/additional/resources;path/to/additional/jar;path/to/csv/jar1;path/to/csv/jar2;"/>
    <property name="java.vm.vendor" value="Oracle Corporation"/>
    <property name="sun.arch.data.model" value="64"/>
    <property name="user.variant" value=""/>
    <property name="java.vendor.url" value="http://java.oracle.com/"/>
    <property name="user.timezone" value="Asia/Calcutta"/>
    <property name="java.vm.specification.version" value="1.8"/>
    <property name="os.name" value="Windows 10"/>
    <property name="user.country" value="IN"/>
    <property name="sun.java.launcher" value="SUN_STANDARD"/>
    <property name="sun.boot.library.path" value="C:\Program Files\Java\jdk1.8.0_111\jre\bin"/>
    <property name="sun.java.command" value="C:\Users\RAJIV\AppData\Local\Temp\surefire4632744507785991559\surefirebooter5921215503612580175.jar C:\Users\RAJIV\AppData\Local\Temp\surefire4632744507785991559 2018-12-27T14-57-48_110-jvmRun1 surefire7899950407958428495tmp surefire_07087067411802186598tmp"/>
    <property name="surefire.test.class.path" value="D:\TouchOfCode\Clients\altius\git\AltiusAutomationTemplate\target\test-classes;D:\TouchOfCode\Clients\altius\git\AltiusAutomationTemplate\target\classes;C:\Users\RAJIV\.m2\repository\org\seleniumhq\selenium\selenium-chrome-driver\2.5.0\selenium-chrome-driver-2.5.0.jar;C:\Users\RAJIV\.m2\repository\org\seleniumhq\selenium\selenium-remote-driver\2.5.0\selenium-remote-driver-2.5.0.jar;C:\Users\RAJIV\.m2\repository\cglib\cglib-nodep\2.1_3\cglib-nodep-2.1_3.jar;C:\Users\RAJIV\.m2\repository\org\json\json\20080701\json-20080701.jar;C:\Users\RAJIV\.m2\repository\org\seleniumhq\selenium\selenium-api\2.5.0\selenium-api-2.5.0.jar;C:\Users\RAJIV\.m2\repository\com\google\guava\guava\r09\guava-r09.jar;C:\Users\RAJIV\.m2\repository\org\apache\httpcomponents\httpclient\4.1.2\httpclient-4.1.2.jar;C:\Users\RAJIV\.m2\repository\org\apache\httpcomponents\httpcore\4.1.2\httpcore-4.1.2.jar;C:\Users\RAJIV\.m2\repository\commons-logging\commons-logging\1.1.1\commons-logging-1.1.1.jar;C:\Users\RAJIV\.m2\repository\commons-codec\commons-codec\1.4\commons-codec-1.4.jar;C:\Users\RAJIV\.m2\repository\org\testng\testng\6.14.3\testng-6.14.3.jar;C:\Users\RAJIV\.m2\repository\com\beust\jcommander\1.72\jcommander-1.72.jar;C:\Users\RAJIV\.m2\repository\org\apache-extras\beanshell\bsh\2.0b6\bsh-2.0b6.jar;path/to/additional/resources;path/to/additional/jar;path/to/csv/jar1;path/to/csv/jar2;"/>
    <property name="sun.cpu.endian" value="little"/>
    <property name="user.home" value="C:\Users\RAJIV"/>
    <property name="user.language" value="en"/>
    <property name="java.specification.vendor" value="Oracle Corporation"/>
    <property name="java.home" value="C:\Program Files\Java\jdk1.8.0_111\jre"/>
    <property name="basedir" value="D:\TouchOfCode\Clients\altius\git\AltiusAutomationTemplate"/>
    <property name="file.separator" value="\"/>
    <property name="line.separator" value="&#10;"/>
    <property name="java.vm.specification.vendor" value="Oracle Corporation"/>
    <property name="java.specification.name" value="Java Platform API Specification"/>
    <property name="java.awt.graphicsenv" value="sun.awt.Win32GraphicsEnvironment"/>
    <property name="surefire.real.class.path" value="C:\Users\RAJIV\AppData\Local\Temp\surefire4632744507785991559\surefirebooter5921215503612580175.jar"/>
    <property name="sun.boot.class.path" value="C:\Program Files\Java\jdk1.8.0_111\jre\lib\resources.jar;C:\Program Files\Java\jdk1.8.0_111\jre\lib\rt.jar;C:\Program Files\Java\jdk1.8.0_111\jre\lib\sunrsasign.jar;C:\Program Files\Java\jdk1.8.0_111\jre\lib\jsse.jar;C:\Program Files\Java\jdk1.8.0_111\jre\lib\jce.jar;C:\Program Files\Java\jdk1.8.0_111\jre\lib\charsets.jar;C:\Program Files\Java\jdk1.8.0_111\jre\lib\jfr.jar;C:\Program Files\Java\jdk1.8.0_111\jre\classes"/>
    <property name="user.script" value=""/>
    <property name="sun.management.compiler" value="HotSpot 64-Bit Tiered Compilers"/>
    <property name="java.runtime.version" value="1.8.0_111-b14"/>
    <property name="user.name" value="RAJIV"/>
    <property name="path.separator" value=";"/>
    <property name="os.version" value="10.0"/>
    <property name="java.endorsed.dirs" value="C:\Program Files\Java\jdk1.8.0_111\jre\lib\endorsed"/>
    <property name="java.runtime.name" value="Java(TM) SE Runtime Environment"/>
    <property name="file.encoding" value="Cp1252"/>
    <property name="java.vm.name" value="Java HotSpot(TM) 64-Bit Server VM"/>
    <property name="localRepository" value="C:\Users\RAJIV\.m2\repository"/>
    <property name="java.vendor.url.bug" value="http://bugreport.sun.com/bugreport/"/>
    <property name="java.io.tmpdir" value="C:\Users\RAJIV\AppData\Local\Temp\"/>
    <property name="java.version" value="1.8.0_111"/>
    <property name="user.dir" value="D:\TouchOfCode\Clients\altius\git\AltiusAutomationTemplate"/>
    <property name="os.arch" value="amd64"/>
    <property name="java.vm.specification.name" value="Java Virtual Machine Specification"/>
    <property name="java.awt.printerjob" value="sun.awt.windows.WPrinterJob"/>
    <property name="sun.os.patch.level" value=""/>
    <property name="java.library.path" value="C:\Program Files\Java\jdk1.8.0_111\jre\bin;C:\WINDOWS\Sun\Java\bin;C:\WINDOWS\system32;C:\WINDOWS;C:\Users\RAJIV\bin;C:\Program Files\Git\mingw64\bin;C:\Program Files\Git\usr\local\bin;C:\Program Files\Git\usr\bin;C:\Program Files\Git\usr\bin;C:\Program Files\Git\mingw64\bin;C:\Program Files\Git\usr\bin;C:\Users\RAJIV\bin;C:\ProgramData\Oracle\Java\javapath;C:\Program Files (x86)\Intel\iCLS Client;C:\Program Files\Intel\iCLS Client;C:\windows\system32;C:\windows;C:\windows\System32\Wbem;C:\windows\System32\WindowsPowerShell\v1.0;C:\Program Files (x86)\Intel\Intel(R) Management Engine Components\DAL;C:\Program Files\Intel\Intel(R) Management Engine Components\DAL;C:\Program Files (x86)\Intel\Intel(R) Management Engine Components\IPT;C:\Program Files\Intel\Intel(R) Management Engine Components\IPT;C:\Program Files (x86)\NVIDIA Corporation\PhysX\Common;C:\apache-maven-3.5.3\bin;C:\apache-maven-3.5.3\bin;C:\Program Files\Java\jdk1.8.0_111\bin;C:\Program Files (x86)\QuickTime\QTSystem;C:\Program Files (x86)\sbt\bin;C:\Program Files (x86)\scala\bin;C:\spring-boot\spring-boot-cli-2.0.1.RELEASE-bin\spring-2.0.1.RELEASE\bin;C:\Program Files\Intel\WiFi\bin;C:\Program Files\Common Files\Intel\WirelessCommon;C:\WINDOWS\system32;C:\WINDOWS;C:\WINDOWS\System32\Wbem;C:\WINDOWS\System32\WindowsPowerShell\v1.0;C:\WINDOWS\System32\OpenSSH;C:\Program Files\Git\cmd;C:\flutter\bin;C:\Users\RAJIV\AppData\Local\Programs\Python\Python37-32\Scripts;C:\Users\RAJIV\AppData\Local\Programs\Python\Python37-32;C:\Users\RAJIV\AppData\Local\Microsoft\WindowsApps;C:\Users\RAJIV\AppData\Local\atom\bin;C:\Users\RAJIV\AppData\Local\Microsoft\WindowsApps;D:\Installations\Microsoft VS Code\bin;C:\Program Files\Git\usr\bin\vendor_perl;C:\Program Files\Git\usr\bin\core_perl;."/>
    <property name="java.vm.info" value="mixed mode"/>
    <property name="java.vendor" value="Oracle Corporation"/>
    <property name="java.vm.version" value="25.111-b14"/>
    <property name="java.ext.dirs" value="C:\Program Files\Java\jdk1.8.0_111\jre\lib\ext;C:\WINDOWS\Sun\Java\lib\ext"/>
    <property name="sun.io.unicode.encoding" value="UnicodeLittle"/>
    <property name="java.class.version" value="52.0"/>
  </properties>
  <testcase name="sampleTest" classname="com.altius.automation.TestAutomation" time="4.39"/>
</testsuite>