<?xml version="1.0" encoding="UTF-8"?>
<!-- Generated by org.testng.reporters.JUnitReportReporter -->
<testsuite skipped="0" hostname="LAPTOP-061MOAPQ" name="com.altius.automation.TestAutomation" tests="1" failures="0" timestamp="27 Dec 2018 09:27:58 GMT" time="4.389" errors="0">
  <testcase name="sampleTest" time="4.389" classname="com.altius.automation.TestAutomation"/>
</testsuite> <!-- com.altius.automation.TestAutomation -->
